============================================================
UNIFIED POSTER GRABBER
Source: wikipedia
============================================================
Starting poster generation...
Output directory: C:\Users\mindp\Documents\GitHub\Journeys\ai_posters

[1/12] Fetching: John_Nash... Created: wiki_John_Nash.json
[2/12] Fetching: Geoffrey_Hinton... Created: wiki_Geoffrey_Hinton.json
[3/12] Fetching: Yoshua_Bengio... Created: wiki_Yoshua_Bengio.json
[4/12] Fetching: Judea_Pearl... Created: wiki_Judea_Pearl.json
[5/12] Fetching: Leslie_Valiant... Created: wiki_Leslie_Valiant.json
[6/12] Fetching: Barbara_Liskov... Created: wiki_Barbara_Liskov.json
[7/12] Fetching: Marvin_Minsky... Created: wiki_Marvin_Minsky.json
[8/12] Fetching: Edward_Feigenbaum... Created: wiki_Edward_Feigenbaum.json
[9/12] Fetching: John_McCarthy... Created: wiki_John_McCarthy.json
[10/12] Fetching: Peter_Naur... Created: wiki_Peter_Naur.json
[11/12] Fetching: Vinton_Cerf... Created: wiki_Vinton_Cerf.json
[12/12] Fetching: Tim_Berners-Lee... Created: wiki_Tim_Berners-Lee.json

============================================================
SUMMARY
============================================================
Created: 12 posters
SKIP duplicates: 0 posters
MERGE enriched: 0 posters
Failed: 0 posters
Output directory: C:\Users\mindp\Documents\GitHub\Journeys\ai_posters

Total topics attempted: 12

Done!
